Release 14.7 Xflow P.20131013 (nt64)
Copyright (c) 1995-2013 Xilinx, Inc.  All rights reserved.
xflow.exe -wd implementation -p xc7z020clg484-1 -implement xflow.opt system.ngc 
 
PMSPEC -- Overriding Xilinx file <C:/Xilinx/14.7/ISE_DS/EDK/zynq/data/zynq.acd>
with local file <C:/Xilinx/14.7/ISE_DS/ISE/zynq/data/zynq.acd>

Using Flow File:
C:/FPGA/ISE/SoC/Ovie_Repo/inputboard/ZedBoard_Linux_Design/hw/xps_proj/implement
ation/fpga.flw 
Using Option File(s): 
 C:/FPGA/ISE/SoC/Ovie_Repo/inputboard/ZedBoard_Linux_Design/hw/xps_proj/implemen
tation/xflow.opt 

Creating Script File ... 

#----------------------------------------------#
# Starting program ngdbuild
# ngdbuild -p xc7z020clg484-1 -nt timestamp -bm system.bmm
"C:/FPGA/ISE/SoC/Ovie_Repo/inputboard/ZedBoard_Linux_Design/hw/xps_proj/implemen
tation/system.ngc" -uc system.ucf system.ngd 
#----------------------------------------------#
Release 14.7 - ngdbuild P.20131013 (nt64)
Copyright (c) 1995-2013 Xilinx, Inc.  All rights reserved.
PMSPEC -- Overriding Xilinx file <C:/Xilinx/14.7/ISE_DS/EDK/zynq/data/zynq.acd>
with local file <C:/Xilinx/14.7/ISE_DS/ISE/zynq/data/zynq.acd>

Command Line: C:\Xilinx\14.7\ISE_DS\ISE\bin\nt64\unwrapped\ngdbuild.exe -p
xc7z020clg484-1 -nt timestamp -bm system.bmm
C:/FPGA/ISE/SoC/Ovie_Repo/inputboard/ZedBoard_Linux_Design/hw/xps_proj/implement
ation/system.ngc -uc system.ucf system.ngd

Reading NGO file
"C:/FPGA/ISE/SoC/Ovie_Repo/inputboard/ZedBoard_Linux_Design/hw/xps_proj/implemen
tation/system.ngc" ...
Loading design module
"C:/FPGA/ISE/SoC/Ovie_Repo/inputboard/ZedBoard_Linux_Design/hw/xps_proj/implemen
tation/system_processing_system7_0_wrapper.ngc"...
Loading design module
"C:/FPGA/ISE/SoC/Ovie_Repo/inputboard/ZedBoard_Linux_Design/hw/xps_proj/implemen
tation/system_util_vector_logic_0_wrapper.ngc"...
Loading design module
"C:/FPGA/ISE/SoC/Ovie_Repo/inputboard/ZedBoard_Linux_Design/hw/xps_proj/implemen
tation/system_adau1761_audio_0_wrapper.ngc"...
Loading design module
"C:/FPGA/ISE/SoC/Ovie_Repo/inputboard/ZedBoard_Linux_Design/hw/xps_proj/implemen
tation/system_axi_interconnect_1_wrapper.ngc"...
Loading design module
"C:/FPGA/ISE/SoC/Ovie_Repo/inputboard/ZedBoard_Linux_Design/hw/xps_proj/implemen
tation/system_axi_interconnect_2_wrapper.ngc"...
Loading design module
"C:/FPGA/ISE/SoC/Ovie_Repo/inputboard/ZedBoard_Linux_Design/hw/xps_proj/implemen
tation/system_axi_interconnect_3_wrapper.ngc"...
Loading design module
"C:/FPGA/ISE/SoC/Ovie_Repo/inputboard/ZedBoard_Linux_Design/hw/xps_proj/implemen
tation/system_axi_clkgen_0_wrapper.ngc"...
Loading design module
"C:/FPGA/ISE/SoC/Ovie_Repo/inputboard/ZedBoard_Linux_Design/hw/xps_proj/implemen
tation/system_clock_generator_0_wrapper.ngc"...
Loading design module
"C:/FPGA/ISE/SoC/Ovie_Repo/inputboard/ZedBoard_Linux_Design/hw/xps_proj/implemen
tation/system_axi_hdmi_tx_16b_0_wrapper.ngc"...
Loading design module
"C:/FPGA/ISE/SoC/Ovie_Repo/inputboard/ZedBoard_Linux_Design/hw/xps_proj/implemen
tation/system_axi_vdma_0_wrapper.ngc"...
Loading design module
"C:/FPGA/ISE/SoC/Ovie_Repo/inputboard/ZedBoard_Linux_Design/hw/xps_proj/implemen
tation/system_superip_0_wrapper.ngc"...
Loading design module
"C:/FPGA/ISE/SoC/Ovie_Repo/inputboard/ZedBoard_Linux_Design/hw/xps_proj/implemen
tation/system_axi_spdif_tx_0_wrapper.ngc"...
Loading design module
"C:/FPGA/ISE/SoC/Ovie_Repo/inputboard/ZedBoard_Linux_Design/hw/xps_proj/implemen
tation/system_reset_0_wrapper.ngc"...
Loading design module
"C:/FPGA/ISE/SoC/Ovie_Repo/inputboard/ZedBoard_Linux_Design/hw/xps_proj/implemen
tation/system_axi_dma_i2s_wrapper.ngc"...
Loading design module
"C:/FPGA/ISE/SoC/Ovie_Repo/inputboard/ZedBoard_Linux_Design/hw/xps_proj/implemen
tation/system_axi_dma_spdif_wrapper.ngc"...
Loading design module
"C:/FPGA/ISE/SoC/Ovie_Repo/inputboard/ZedBoard_Linux_Design/hw/xps_proj/implemen
tation/system_axi_iic_hdmi_wrapper.ngc"...
Applying constraints in
"C:/FPGA/ISE/SoC/Ovie_Repo/inputboard/ZedBoard_Linux_Design/hw/xps_proj/implemen
tation/system_processing_system7_0_wrapper.ncf" to module
"processing_system7_0"...
Checking Constraint Associations...
Applying constraints in
"C:/FPGA/ISE/SoC/Ovie_Repo/inputboard/ZedBoard_Linux_Design/hw/xps_proj/implemen
tation/system_axi_interconnect_1_wrapper.ncf" to module "axi_interconnect_1"...
Checking Constraint Associations...
Applying constraints in
"C:/FPGA/ISE/SoC/Ovie_Repo/inputboard/ZedBoard_Linux_Design/hw/xps_proj/implemen
tation/system_axi_interconnect_2_wrapper.ncf" to module "axi_interconnect_2"...
Checking Constraint Associations...
Applying constraints in
"C:/FPGA/ISE/SoC/Ovie_Repo/inputboard/ZedBoard_Linux_Design/hw/xps_proj/implemen
tation/system_axi_interconnect_3_wrapper.ncf" to module "axi_interconnect_3"...
Checking Constraint Associations...
Applying constraints in
"C:/FPGA/ISE/SoC/Ovie_Repo/inputboard/ZedBoard_Linux_Design/hw/xps_proj/implemen
tation/system_axi_vdma_0_wrapper.ncf" to module "axi_vdma_0"...
Checking Constraint Associations...
Applying constraints in
"C:/FPGA/ISE/SoC/Ovie_Repo/inputboard/ZedBoard_Linux_Design/hw/xps_proj/implemen
tation/system_axi_dma_i2s_wrapper.ncf" to module "axi_dma_i2s"...
Checking Constraint Associations...
Applying constraints in
"C:/FPGA/ISE/SoC/Ovie_Repo/inputboard/ZedBoard_Linux_Design/hw/xps_proj/implemen
tation/system_axi_dma_spdif_wrapper.ncf" to module "axi_dma_spdif"...
Checking Constraint Associations...
Gathering constraint information from source properties...
Done.
INFO:NgdBuild:649 - Removing redundant 'IBUF' symbol
   'processing_system7_0_PS_PORB_pin_IBUF'.  All constraints associated with
   this symbol will be ignored.
INFO:NgdBuild:649 - Removing redundant 'IBUF' symbol
   'processing_system7_0_PS_CLK_pin_IBUF'.  All constraints associated with this
   symbol will be ignored.
INFO:NgdBuild:649 - Removing redundant 'IBUF' symbol
   'processing_system7_0_PS_SRSTB_pin_IBUF'.  All constraints associated with
   this symbol will be ignored.

Annotating constraints to design from ucf file "system.ucf" ...
Resolving constraint associations...
Checking Constraint Associations...
WARNING:ConstraintSystem:135 - Constraint <INST
   /system/EXPANDED/system/axi_vdma_0/axi_vdma_0\/GEN_SPRT_FOR_MM2S.MM2S_LINEBUF
   FER_I\/GEN_LINEBUF_NO_SOF.GEN_FOR_ASYNC.ALL_LINES_XFRED_P_S_CDC_I\/Mmux_GENER
   ATE_LEVEL_P_S_CDC.p_level_in_d1_cdc_fr...>: No instances of type FFS were
   found under block
   "axi_vdma_0/axi_vdma_0/GEN_SPRT_FOR_MM2S.MM2S_LINEBUFFER_I/GEN_LINEBUF_NO_SOF
   .GEN_FOR_ASYNC.ALL_LINES_XFRED_P_S_CDC_I/Mmux_GENERATE_LEVEL_P_S_CDC.p_level_
   in_d1_cdc_from_GND_620_o_MUX_701_o11" (type=LUT2).

WARNING:ConstraintSystem:135 - Constraint <INST
   /system/EXPANDED/system/axi_vdma_0/axi_vdma_0\/GEN_SPRT_FOR_MM2S.MM2S_LINEBUF
   FER_I\/GEN_LINEBUF_NO_SOF.GEN_FOR_ASYNC.ALL_LINES_XFRED_P_S_CDC_I\/Mmux_GENER
   ATE_LEVEL_P_S_CDC.s_level_out_d1_cdc_t...>: No instances of type FFS were
   found under block
   "axi_vdma_0/axi_vdma_0/GEN_SPRT_FOR_MM2S.MM2S_LINEBUFFER_I/GEN_LINEBUF_NO_SOF
   .GEN_FOR_ASYNC.ALL_LINES_XFRED_P_S_CDC_I/Mmux_GENERATE_LEVEL_P_S_CDC.s_level_
   out_d1_cdc_to_GND_620_o_MUX_702_o11" (type=LUT2).

WARNING:ConstraintSystem:135 - Constraint <INST
   /system/EXPANDED/system/axi_vdma_0/axi_vdma_0\/GEN_SPRT_FOR_MM2S.MM2S_LINEBUF
   FER_I\/GEN_LINEBUF_NO_SOF.GEN_FOR_ASYNC.HALT_CDC_I\/Mmux_GENERATE_LEVEL_S_P_C
   DC.s_level_in_d1_cdc_from_GND_631_o_MU...>: No instances of type FFS were
   found under block
   "axi_vdma_0/axi_vdma_0/GEN_SPRT_FOR_MM2S.MM2S_LINEBUFFER_I/GEN_LINEBUF_NO_SOF
   .GEN_FOR_ASYNC.HALT_CDC_I/Mmux_GENERATE_LEVEL_S_P_CDC.s_level_in_d1_cdc_from_
   GND_631_o_MUX_704_o11" (type=LUT2).

WARNING:ConstraintSystem:135 - Constraint <INST
   /system/EXPANDED/system/axi_vdma_0/axi_vdma_0\/GEN_SPRT_FOR_MM2S.MM2S_LINEBUF
   FER_I\/GEN_LINEBUF_NO_SOF.GEN_FOR_ASYNC.SHUTDOWN_RST_CDC_I\/Mmux_GENERATE_LEV
   EL_P_S_CDC.s_level_out_d1_cdc_to_GND_6...>: No instances of type FFS were
   found under block
   "axi_vdma_0/axi_vdma_0/GEN_SPRT_FOR_MM2S.MM2S_LINEBUFFER_I/GEN_LINEBUF_NO_SOF
   .GEN_FOR_ASYNC.SHUTDOWN_RST_CDC_I/Mmux_GENERATE_LEVEL_P_S_CDC.s_level_out_d1_
   cdc_to_GND_620_o_MUX_702_o11" (type=LUT2).

WARNING:ConstraintSystem:135 - Constraint <INST
   /system/EXPANDED/system/axi_vdma_0/axi_vdma_0\/GEN_SPRT_FOR_MM2S.MM2S_LINEBUF
   FER_I\/GEN_LINEBUF_NO_SOF.GEN_FOR_ASYNC.SHUTDOWN_RST_CDC_I\/Mmux_GENERATE_LEV
   EL_P_S_CDC.p_level_in_d1_cdc_from_GND_...>: No instances of type FFS were
   found under block
   "axi_vdma_0/axi_vdma_0/GEN_SPRT_FOR_MM2S.MM2S_LINEBUFFER_I/GEN_LINEBUF_NO_SOF
   .GEN_FOR_ASYNC.SHUTDOWN_RST_CDC_I/Mmux_GENERATE_LEVEL_P_S_CDC.p_level_in_d1_c
   dc_from_GND_620_o_MUX_701_o11" (type=LUT2).

WARNING:ConstraintSystem:135 - Constraint <INST
   /system/EXPANDED/system/axi_vdma_0/axi_vdma_0\/GEN_SPRT_FOR_MM2S.MM2S_LINEBUF
   FER_I\/GEN_LINEBUF_NO_SOF.GEN_FOR_ASYNC.STOP_CDC_I\/Mmux_GENERATE_LEVEL_S_P_C
   DC.p_level_out_d1_cdc_to_GND_631_o_MUX...>: No instances of type FFS were
   found under block
   "axi_vdma_0/axi_vdma_0/GEN_SPRT_FOR_MM2S.MM2S_LINEBUFFER_I/GEN_LINEBUF_NO_SOF
   .GEN_FOR_ASYNC.STOP_CDC_I/Mmux_GENERATE_LEVEL_S_P_CDC.p_level_out_d1_cdc_to_G
   ND_631_o_MUX_705_o11" (type=LUT2).

WARNING:ConstraintSystem:135 - Constraint <INST
   /system/EXPANDED/system/axi_vdma_0/axi_vdma_0\/GEN_SPRT_FOR_MM2S.MM2S_LINEBUF
   FER_I\/GEN_LINEBUF_NO_SOF.GEN_FOR_ASYNC.HALT_CDC_I\/Mmux_GENERATE_LEVEL_S_P_C
   DC.p_level_out_d1_cdc_to_GND_631_o_MUX...>: No instances of type FFS were
   found under block
   "axi_vdma_0/axi_vdma_0/GEN_SPRT_FOR_MM2S.MM2S_LINEBUFFER_I/GEN_LINEBUF_NO_SOF
   .GEN_FOR_ASYNC.HALT_CDC_I/Mmux_GENERATE_LEVEL_S_P_CDC.p_level_out_d1_cdc_to_G
   ND_631_o_MUX_705_o11" (type=LUT2).

WARNING:ConstraintSystem:135 - Constraint <INST
   /system/EXPANDED/system/axi_vdma_0/axi_vdma_0\/GEN_SPRT_FOR_MM2S.MM2S_LINEBUF
   FER_I\/GEN_LINEBUF_NO_SOF.GEN_FOR_ASYNC.STOP_CDC_I\/Mmux_GENERATE_LEVEL_S_P_C
   DC.s_level_in_d1_cdc_from_GND_631_o_MU...>: No instances of type FFS were
   found under block
   "axi_vdma_0/axi_vdma_0/GEN_SPRT_FOR_MM2S.MM2S_LINEBUFFER_I/GEN_LINEBUF_NO_SOF
   .GEN_FOR_ASYNC.STOP_CDC_I/Mmux_GENERATE_LEVEL_S_P_CDC.s_level_in_d1_cdc_from_
   GND_631_o_MUX_704_o11" (type=LUT2).

WARNING:ConstraintSystem:135 - Constraint <INST
   /system/EXPANDED/system/axi_vdma_0/axi_vdma_0\/GEN_SPRT_FOR_MM2S.MM2S_VID_CDC
   _I\/GEN_CDC_FOR_ASYNC.SOF_CDC_I\/Mmux_GENERATE_PULSE_S_P_CDC_OPEN_ENDED.p_out
   _d1_cdc_to_GND_150_o_MUX_594_o11 TNM =...>: No instances of type FFS were
   found under block
   "axi_vdma_0/axi_vdma_0/GEN_SPRT_FOR_MM2S.MM2S_VID_CDC_I/GEN_CDC_FOR_ASYNC.SOF
   _CDC_I/Mmux_GENERATE_PULSE_S_P_CDC_OPEN_ENDED.p_out_d1_cdc_to_GND_150_o_MUX_5
   94_o11" (type=LUT2).

WARNING:ConstraintSystem:135 - Constraint <INST
   /system/EXPANDED/system/axi_vdma_0/axi_vdma_0\/GEN_SPRT_FOR_MM2S.MM2S_VID_CDC
   _I\/GEN_CDC_FOR_ASYNC.SOF_CDC_I\/Mmux_GENERATE_PULSE_S_P_CDC_OPEN_ENDED.s_in_
   d1_cdc_from_GND_150_o_MUX_593_o11 TNM ...>: No instances of type FFS were
   found under block
   "axi_vdma_0/axi_vdma_0/GEN_SPRT_FOR_MM2S.MM2S_VID_CDC_I/GEN_CDC_FOR_ASYNC.SOF
   _CDC_I/Mmux_GENERATE_PULSE_S_P_CDC_OPEN_ENDED.s_in_d1_cdc_from_GND_150_o_MUX_
   593_o11" (type=LUT2).

WARNING:ConstraintSystem:135 - Constraint <INST
   /system/EXPANDED/system/axi_vdma_0/axi_vdma_0\/GEN_SPRT_FOR_MM2S.MM2S_VID_CDC
   _I\/GEN_CDC_FOR_ASYNC.FSYNC_IN_CDC_I\/Mmux_GENERATE_PULSE_S_P_CDC_OPEN_ENDED.
   p_out_d1_cdc_to_GND_150_o_MUX_594_o11 ...>: No instances of type FFS were
   found under block
   "axi_vdma_0/axi_vdma_0/GEN_SPRT_FOR_MM2S.MM2S_VID_CDC_I/GEN_CDC_FOR_ASYNC.FSY
   NC_IN_CDC_I/Mmux_GENERATE_PULSE_S_P_CDC_OPEN_ENDED.p_out_d1_cdc_to_GND_150_o_
   MUX_594_o11" (type=LUT2).

WARNING:ConstraintSystem:135 - Constraint <INST
   /system/EXPANDED/system/axi_vdma_0/axi_vdma_0\/GEN_SPRT_FOR_MM2S.MM2S_VID_CDC
   _I\/GEN_CDC_FOR_ASYNC.FSYNC_IN_CDC_I\/Mmux_GENERATE_PULSE_S_P_CDC_OPEN_ENDED.
   s_in_d1_cdc_from_GND_150_o_MUX_593_o11...>: No instances of type FFS were
   found under block
   "axi_vdma_0/axi_vdma_0/GEN_SPRT_FOR_MM2S.MM2S_VID_CDC_I/GEN_CDC_FOR_ASYNC.FSY
   NC_IN_CDC_I/Mmux_GENERATE_PULSE_S_P_CDC_OPEN_ENDED.s_in_d1_cdc_from_GND_150_o
   _MUX_593_o11" (type=LUT2).

WARNING:ConstraintSystem:135 - Constraint <INST
   /system/EXPANDED/system/axi_vdma_0/axi_vdma_0\/GEN_SPRT_FOR_MM2S.MM2S_VID_CDC
   _I\/GEN_CDC_FOR_ASYNC.M_PTR_OUT_CDC_I\/Mmux_GENERATE_PULSE_P_S_CDC_OPEN_ENDED
   .p_in_d1_cdc_from_GND_134_o_MUX_588_o1...>: No instances of type FFS were
   found under block
   "axi_vdma_0/axi_vdma_0/GEN_SPRT_FOR_MM2S.MM2S_VID_CDC_I/GEN_CDC_FOR_ASYNC.M_P
   TR_OUT_CDC_I/Mmux_GENERATE_PULSE_P_S_CDC_OPEN_ENDED.p_in_d1_cdc_from_GND_134_
   o_MUX_588_o11" (type=LUT2).

WARNING:ConstraintSystem:135 - Constraint <INST
   /system/EXPANDED/system/axi_vdma_0/axi_vdma_0\/GEN_SPRT_FOR_MM2S.MM2S_VID_CDC
   _I\/GEN_CDC_FOR_ASYNC.M_PTR_OUT_CDC_I\/Mmux_GENERATE_PULSE_P_S_CDC_OPEN_ENDED
   .s_out_d1_cdc_to_GND_134_o_MUX_589_o11...>: No instances of type FFS were
   found under block
   "axi_vdma_0/axi_vdma_0/GEN_SPRT_FOR_MM2S.MM2S_VID_CDC_I/GEN_CDC_FOR_ASYNC.M_P
   TR_OUT_CDC_I/Mmux_GENERATE_PULSE_P_S_CDC_OPEN_ENDED.s_out_d1_cdc_to_GND_134_o
   _MUX_589_o11" (type=LUT2).

WARNING:ConstraintSystem:135 - Constraint <INST
   /system/EXPANDED/system/axi_vdma_0/axi_vdma_0\/GEN_SPRT_FOR_MM2S.MM2S_VID_CDC
   _I\/GEN_CDC_FOR_ASYNC.PRMTR_UPDT_CDC_I\/Mmux_GENERATE_PULSE_P_S_CDC_OPEN_ENDE
   D.s_out_d1_cdc_to_GND_70_o_MUX_51_o11 ...>: No instances of type FFS were
   found under block
   "axi_vdma_0/axi_vdma_0/GEN_SPRT_FOR_MM2S.MM2S_VID_CDC_I/GEN_CDC_FOR_ASYNC.PRM
   TR_UPDT_CDC_I/Mmux_GENERATE_PULSE_P_S_CDC_OPEN_ENDED.s_out_d1_cdc_to_GND_70_o
   _MUX_51_o11" (type=LUT2).

WARNING:ConstraintSystem:135 - Constraint <INST
   /system/EXPANDED/system/axi_vdma_0/axi_vdma_0\/GEN_SPRT_FOR_MM2S.MM2S_VID_CDC
   _I\/GEN_CDC_FOR_ASYNC.PRMTR_UPDT_CDC_I\/Mmux_GENERATE_PULSE_P_S_CDC_OPEN_ENDE
   D.p_in_d1_cdc_from_GND_70_o_MUX_50_o11...>: No instances of type FFS were
   found under block
   "axi_vdma_0/axi_vdma_0/GEN_SPRT_FOR_MM2S.MM2S_VID_CDC_I/GEN_CDC_FOR_ASYNC.PRM
   TR_UPDT_CDC_I/Mmux_GENERATE_PULSE_P_S_CDC_OPEN_ENDED.p_in_d1_cdc_from_GND_70_
   o_MUX_50_o11" (type=LUT2).

WARNING:ConstraintSystem:135 - Constraint <INST
   /system/EXPANDED/system/axi_vdma_0/axi_vdma_0\/GEN_SPRT_FOR_MM2S.MM2S_VID_CDC
   _I\/GEN_CDC_FOR_ASYNC.FSYNC_OUT_CDC_I\/Mmux_GENERATE_PULSE_P_S_CDC_OPEN_ENDED
   .s_out_d1_cdc_to_GND_70_o_MUX_51_o11 T...>: No instances of type FFS were
   found under block
   "axi_vdma_0/axi_vdma_0/GEN_SPRT_FOR_MM2S.MM2S_VID_CDC_I/GEN_CDC_FOR_ASYNC.FSY
   NC_OUT_CDC_I/Mmux_GENERATE_PULSE_P_S_CDC_OPEN_ENDED.s_out_d1_cdc_to_GND_70_o_
   MUX_51_o11" (type=LUT2).

WARNING:ConstraintSystem:135 - Constraint <INST
   /system/EXPANDED/system/axi_vdma_0/axi_vdma_0\/GEN_SPRT_FOR_MM2S.MM2S_VID_CDC
   _I\/GEN_CDC_FOR_ASYNC.FSYNC_OUT_CDC_I\/Mmux_GENERATE_PULSE_P_S_CDC_OPEN_ENDED
   .p_in_d1_cdc_from_GND_70_o_MUX_50_o11 ...>: No instances of type FFS were
   found under block
   "axi_vdma_0/axi_vdma_0/GEN_SPRT_FOR_MM2S.MM2S_VID_CDC_I/GEN_CDC_FOR_ASYNC.FSY
   NC_OUT_CDC_I/Mmux_GENERATE_PULSE_P_S_CDC_OPEN_ENDED.p_in_d1_cdc_from_GND_70_o
   _MUX_50_o11" (type=LUT2).

WARNING:ConstraintSystem:135 - Constraint <INST
   /system/EXPANDED/system/axi_vdma_0/axi_vdma_0\/AXI_LITE_REG_INTERFACE_I\/GEN_
   AXI_LITE_IF.AXI_LITE_IF_I\/GEN_LITE_IS_ASYNC.GEN_MM2S_ONLY_ASYNC_LITE_ACCESS.
   LITE_WVALID_MM2S_CDC_I\/Mmux_GENERATE_...>: No instances of type FFS were
   found under block
   "axi_vdma_0/axi_vdma_0/AXI_LITE_REG_INTERFACE_I/GEN_AXI_LITE_IF.AXI_LITE_IF_I
   /GEN_LITE_IS_ASYNC.GEN_MM2S_ONLY_ASYNC_LITE_ACCESS.LITE_WVALID_MM2S_CDC_I/Mmu
   x_GENERATE_PULSE_P_S_CDC_OPEN_ENDED.p_in_d1_cdc_from_GND_70_o_MUX_50_o11"
   (type=LUT2).

WARNING:ConstraintSystem:135 - Constraint <INST
   /system/EXPANDED/system/axi_vdma_0/axi_vdma_0\/AXI_LITE_REG_INTERFACE_I\/GEN_
   AXI_LITE_IF.AXI_LITE_IF_I\/GEN_LITE_IS_ASYNC.GEN_MM2S_ONLY_ASYNC_LITE_ACCESS.
   LITE_WVALID_MM2S_CDC_I\/Mmux_GENERATE_...>: No instances of type FFS were
   found under block
   "axi_vdma_0/axi_vdma_0/AXI_LITE_REG_INTERFACE_I/GEN_AXI_LITE_IF.AXI_LITE_IF_I
   /GEN_LITE_IS_ASYNC.GEN_MM2S_ONLY_ASYNC_LITE_ACCESS.LITE_WVALID_MM2S_CDC_I/Mmu
   x_GENERATE_PULSE_P_S_CDC_OPEN_ENDED.s_out_d1_cdc_to_GND_70_o_MUX_51_o11"
   (type=LUT2).

WARNING:ConstraintSystem:135 - Constraint <INST
   /system/EXPANDED/system/axi_vdma_0/axi_vdma_0\/AXI_LITE_REG_INTERFACE_I\/GEN_
   AXI_LITE_IF.AXI_LITE_IF_I\/GND_69_o_axi2ip_wraddr_captured_mm2s_cdc_tig[7]_eq
   ual_34_o<7>11 TNM = FFS:TNM_axi_vdma_0...>: No instances of type FFS were
   found under block
   "axi_vdma_0/axi_vdma_0/AXI_LITE_REG_INTERFACE_I/GEN_AXI_LITE_IF.AXI_LITE_IF_I
   /GND_69_o_axi2ip_wraddr_captured_mm2s_cdc_tig[7]_equal_34_o<7>11"
   (type=LUT3).

WARNING:ConstraintSystem:135 - Constraint <INST
   /system/EXPANDED/system/axi_vdma_0/axi_vdma_0\/AXI_LITE_REG_INTERFACE_I\/GEN_
   AXI_LITE_IF.AXI_LITE_IF_I\/GND_69_o_axi2ip_wraddr_captured_mm2s_cdc_tig[7]_eq
   ual_26_o<7>11 TNM = FFS:TNM_axi_vdma_0...>: No instances of type FFS were
   found under block
   "axi_vdma_0/axi_vdma_0/AXI_LITE_REG_INTERFACE_I/GEN_AXI_LITE_IF.AXI_LITE_IF_I
   /GND_69_o_axi2ip_wraddr_captured_mm2s_cdc_tig[7]_equal_26_o<7>11"
   (type=LUT3).

WARNING:ConstraintSystem:135 - Constraint <INST
   /system/EXPANDED/system/axi_vdma_0/axi_vdma_0\/AXI_LITE_REG_INTERFACE_I\/GEN_
   AXI_LITE_IF.AXI_LITE_IF_I\/GND_69_o_axi2ip_wraddr_captured_mm2s_cdc_tig[7]_eq
   ual_10_o<7>11 TNM = FFS:TNM_axi_vdma_0...>: No instances of type FFS were
   found under block
   "axi_vdma_0/axi_vdma_0/AXI_LITE_REG_INTERFACE_I/GEN_AXI_LITE_IF.AXI_LITE_IF_I
   /GND_69_o_axi2ip_wraddr_captured_mm2s_cdc_tig[7]_equal_10_o<7>11"
   (type=LUT3).

WARNING:ConstraintSystem:135 - Constraint <INST
   /system/EXPANDED/system/axi_interconnect_3/axi_interconnect_3\/si_converter_b
   ank\/gen_conv_slot[0].clock_conv_inst\/interconnect_aresetn_resync<2>_inv1_IN
   V_0 TNM = FFS:axi_interconnect_3_reset...>: No instances of type FFS were
   found under block
   "axi_interconnect_3/axi_interconnect_3/si_converter_bank/gen_conv_slot[0].clo
   ck_conv_inst/interconnect_aresetn_resync<2>_inv1_INV_0" (type=INV).

WARNING:ConstraintSystem:135 - Constraint <INST
   /system/EXPANDED/system/axi_interconnect_2/axi_interconnect_2\/si_converter_b
   ank\/gen_conv_slot[0].clock_conv_inst\/interconnect_aresetn_resync<2>_inv1_IN
   V_0 TNM = FFS:axi_interconnect_2_reset...>: No instances of type FFS were
   found under block
   "axi_interconnect_2/axi_interconnect_2/si_converter_bank/gen_conv_slot[0].clo
   ck_conv_inst/interconnect_aresetn_resync<2>_inv1_INV_0" (type=INV).

WARNING:ConstraintSystem:135 - Constraint <INST
   /system/EXPANDED/system/axi_interconnect_1/axi_interconnect_1\/si_converter_b
   ank\/gen_conv_slot[0].clock_conv_inst\/interconnect_aresetn_resync<2>_inv1_IN
   V_0 TNM = FFS:axi_interconnect_1_reset...>: No instances of type FFS were
   found under block
   "axi_interconnect_1/axi_interconnect_1/si_converter_bank/gen_conv_slot[0].clo
   ck_conv_inst/interconnect_aresetn_resync<2>_inv1_INV_0" (type=INV).

WARNING:ConstraintSystem - A target design object for the Locate constraint
   '<NET "processing_system7_0_PS_PORB_pin_IBUF" LOC = B5>' could not be found
   and so the Locate constraint will be removed.

WARNING:ConstraintSystem - A target design object for the Locate constraint
   '<NET "processing_system7_0_PS_CLK_pin_IBUF" LOC = F7>' could not be found
   and so the Locate constraint will be removed.

WARNING:ConstraintSystem - A target design object for the Locate constraint
   '<NET "processing_system7_0_PS_SRSTB_pin_IBUF" LOC = C9>' could not be found
   and so the Locate constraint will be removed.

WARNING:ConstraintSystem:58 - Constraint <TIMEGRP
   axi_interconnect_1_reset_source = FFS PADS CPUS;>: CPUS "*" does not match
   any design objects.

WARNING:ConstraintSystem:58 - Constraint <TIMEGRP
   axi_interconnect_2_reset_source = FFS PADS CPUS;>: CPUS "*" does not match
   any design objects.

WARNING:ConstraintSystem:58 - Constraint <TIMEGRP
   axi_interconnect_3_reset_source = FFS PADS CPUS;>: CPUS "*" does not match
   any design objects.

WARNING:ConstraintSystem:194 - The TNM 'TNM_axi_vdma_0_cdc_from', does not
   directly or indirectly drive any flip-flops, latches and/or RAMs and is not
   actively used by any referencing constraint.

WARNING:ConstraintSystem:194 - The TNM 'TNM_axi_vdma_0_cdc_to', does not
   directly or indirectly drive any flip-flops, latches and/or RAMs and is not
   actively used by any referencing constraint.

WARNING:ConstraintSystem:194 - The TNM 'TNM_axi_vdma_0_cdc_from', does not
   directly or indirectly drive any flip-flops, latches and/or RAMs and is not
   actively used by any referencing constraint.

WARNING:ConstraintSystem:194 - The TNM 'TNM_axi_vdma_0_cdc_to', does not
   directly or indirectly drive any flip-flops, latches and/or RAMs and is not
   actively used by any referencing constraint.

WARNING:ConstraintSystem:194 - The TNM 'TNM_axi_vdma_0_cdc_from', does not
   directly or indirectly drive any flip-flops, latches and/or RAMs and is not
   actively used by any referencing constraint.

WARNING:ConstraintSystem:194 - The TNM 'TNM_axi_vdma_0_cdc_to', does not
   directly or indirectly drive any flip-flops, latches and/or RAMs and is not
   actively used by any referencing constraint.

WARNING:ConstraintSystem:194 - The TNM 'TNM_axi_vdma_0_cdc_to', does not
   directly or indirectly drive any flip-flops, latches and/or RAMs and is not
   actively used by any referencing constraint.

WARNING:ConstraintSystem:194 - The TNM 'TNM_axi_vdma_0_cdc_from', does not
   directly or indirectly drive any flip-flops, latches and/or RAMs and is not
   actively used by any referencing constraint.

WARNING:ConstraintSystem:194 - The TNM 'TNM_axi_vdma_0_cdc_to', does not
   directly or indirectly drive any flip-flops, latches and/or RAMs and is not
   actively used by any referencing constraint.

WARNING:ConstraintSystem:194 - The TNM 'TNM_axi_vdma_0_cdc_from', does not
   directly or indirectly drive any flip-flops, latches and/or RAMs and is not
   actively used by any referencing constraint.

WARNING:ConstraintSystem:194 - The TNM 'TNM_axi_vdma_0_cdc_to', does not
   directly or indirectly drive any flip-flops, latches and/or RAMs and is not
   actively used by any referencing constraint.

WARNING:ConstraintSystem:194 - The TNM 'TNM_axi_vdma_0_cdc_from', does not
   directly or indirectly drive any flip-flops, latches and/or RAMs and is not
   actively used by any referencing constraint.

WARNING:ConstraintSystem:194 - The TNM 'TNM_axi_vdma_0_cdc_from', does not
   directly or indirectly drive any flip-flops, latches and/or RAMs and is not
   actively used by any referencing constraint.

WARNING:ConstraintSystem:194 - The TNM 'TNM_axi_vdma_0_cdc_to', does not
   directly or indirectly drive any flip-flops, latches and/or RAMs and is not
   actively used by any referencing constraint.

WARNING:ConstraintSystem:194 - The TNM 'TNM_axi_vdma_0_cdc_to', does not
   directly or indirectly drive any flip-flops, latches and/or RAMs and is not
   actively used by any referencing constraint.

WARNING:ConstraintSystem:194 - The TNM 'TNM_axi_vdma_0_cdc_from', does not
   directly or indirectly drive any flip-flops, latches and/or RAMs and is not
   actively used by any referencing constraint.

WARNING:ConstraintSystem:194 - The TNM 'TNM_axi_vdma_0_cdc_to', does not
   directly or indirectly drive any flip-flops, latches and/or RAMs and is not
   actively used by any referencing constraint.

WARNING:ConstraintSystem:194 - The TNM 'TNM_axi_vdma_0_cdc_from', does not
   directly or indirectly drive any flip-flops, latches and/or RAMs and is not
   actively used by any referencing constraint.

WARNING:ConstraintSystem:194 - The TNM 'TNM_axi_vdma_0_cdc_from', does not
   directly or indirectly drive any flip-flops, latches and/or RAMs and is not
   actively used by any referencing constraint.

WARNING:ConstraintSystem:194 - The TNM 'TNM_axi_vdma_0_cdc_to', does not
   directly or indirectly drive any flip-flops, latches and/or RAMs and is not
   actively used by any referencing constraint.

WARNING:ConstraintSystem:194 - The TNM 'TNM_axi_vdma_0_cdc_tig_v', does not
   directly or indirectly drive any flip-flops, latches and/or RAMs and is not
   actively used by any referencing constraint.

WARNING:ConstraintSystem:194 - The TNM 'TNM_axi_vdma_0_cdc_tig_v', does not
   directly or indirectly drive any flip-flops, latches and/or RAMs and is not
   actively used by any referencing constraint.

WARNING:ConstraintSystem:194 - The TNM 'TNM_axi_vdma_0_cdc_tig_v', does not
   directly or indirectly drive any flip-flops, latches and/or RAMs and is not
   actively used by any referencing constraint.

WARNING:ConstraintSystem:194 - The TNM 'axi_interconnect_3_reset_resync', does
   not directly or indirectly drive any flip-flops, latches and/or RAMs and is
   not actively used by any referencing constraint.

WARNING:ConstraintSystem:194 - The TNM 'axi_interconnect_2_reset_resync', does
   not directly or indirectly drive any flip-flops, latches and/or RAMs and is
   not actively used by any referencing constraint.

WARNING:ConstraintSystem:194 - The TNM 'axi_interconnect_1_reset_resync', does
   not directly or indirectly drive any flip-flops, latches and/or RAMs and is
   not actively used by any referencing constraint.

INFO:ConstraintSystem:178 - TNM 'clk_fpga_1', used in period specification
   'TS_clk_fpga_1', was traced into MMCME2_ADV instance
   clock_generator_0/MMCM1_INST/MMCM_ADV_inst. The following new TNM groups and
   period specifications were generated at the MMCME2_ADV output(s): 
   CLKOUT0: <TIMESPEC TS_clock_generator_0_clock_generator_0_SIG_MMCM1_CLKOUT0 =
   PERIOD "clock_generator_0_clock_generator_0_SIG_MMCM1_CLKOUT0" TS_clk_fpga_1
   * 0.061440678 HIGH 50%>

INFO:ConstraintSystem:178 - TNM 'clk_fpga_2', used in period specification
   'TS_clk_fpga_2', was traced into MMCME2_ADV instance
   axi_clkgen_0/USER_LOGIC_I/i_clkgen/i_mmcm. The following new TNM groups and
   period specifications were generated at the MMCME2_ADV output(s): 
   CLKOUT0: <TIMESPEC
   TS_axi_clkgen_0_axi_clkgen_0_USER_LOGIC_I_i_clkgen_mmcm_clk_s = PERIOD
   "axi_clkgen_0_axi_clkgen_0_USER_LOGIC_I_i_clkgen_mmcm_clk_s" TS_clk_fpga_2 *
   0.742424242 HIGH 50%>

Done...

Processing BMM file "system.bmm" ...

WARNING::53 - File 'system.bmm' is empty or has no BMM content.


WARNING:NgdBuild:1440 - User specified non-default attribute value (5) was
   detected for the CLKIN1_PERIOD attribute on MMCM
   "clock_generator_0/MMCM1_INST/MMCM_ADV_inst".  This does not match the PERIOD
   constraint value (166667 KHz.).  The uncertainty calculation will use the
   PERIOD constraint value.  This could result in incorrect uncertainty
   calculated for MMCM output clocks.
Checking expanded design ...
WARNING:NgdBuild:486 - Attribute "CLOCK_HOLD" is not allowed on symbol
   "clock_generator_0/MMCM1_INST/MMCM_ADV_inst" of type "MMCME2_ADV".  This
   attribute will be ignored.
WARNING:NgdBuild:443 - SFF primitive
   'axi_iic_hdmi/axi_iic_hdmi/X_IIC/X_AXI_IPIF_SSP1/X_SOFT_RESET/FF_WRACK' has
   unconnected output pin
WARNING:NgdBuild:452 - logical net 'N183' has no driver
WARNING:NgdBuild:452 - logical net 'N184' has no driver
WARNING:NgdBuild:452 - logical net 'N185' has no driver
WARNING:NgdBuild:452 - logical net 'N186' has no driver
WARNING:NgdBuild:452 - logical net 'N187' has no driver
WARNING:NgdBuild:452 - logical net 'N188' has no driver
WARNING:NgdBuild:452 - logical net 'N189' has no driver
WARNING:NgdBuild:452 - logical net 'N190' has no driver
WARNING:NgdBuild:452 - logical net 'N191' has no driver
WARNING:NgdBuild:452 - logical net 'N192' has no driver
WARNING:NgdBuild:452 - logical net 'N193' has no driver
WARNING:NgdBuild:452 - logical net 'N194' has no driver
WARNING:NgdBuild:452 - logical net 'N195' has no driver
WARNING:NgdBuild:452 - logical net 'N196' has no driver
WARNING:NgdBuild:452 - logical net 'N197' has no driver
WARNING:NgdBuild:452 - logical net 'N198' has no driver
WARNING:NgdBuild:452 - logical net 'N199' has no driver
WARNING:NgdBuild:452 - logical net 'N200' has no driver
WARNING:NgdBuild:452 - logical net 'N201' has no driver
WARNING:NgdBuild:452 - logical net 'N202' has no driver
WARNING:NgdBuild:452 - logical net 'N203' has no driver
WARNING:NgdBuild:452 - logical net 'N204' has no driver
WARNING:NgdBuild:452 - logical net 'N205' has no driver
WARNING:NgdBuild:452 - logical net 'N206' has no driver
WARNING:NgdBuild:452 - logical net 'N207' has no driver
WARNING:NgdBuild:452 - logical net 'N208' has no driver
WARNING:NgdBuild:452 - logical net 'N209' has no driver
WARNING:NgdBuild:452 - logical net 'N210' has no driver
WARNING:NgdBuild:452 - logical net 'N211' has no driver
WARNING:NgdBuild:452 - logical net 'N212' has no driver
WARNING:NgdBuild:452 - logical net 'N213' has no driver
WARNING:NgdBuild:452 - logical net 'N214' has no driver
WARNING:NgdBuild:452 - logical net 'N215' has no driver
WARNING:NgdBuild:452 - logical net 'N216' has no driver
WARNING:NgdBuild:452 - logical net 'N217' has no driver
WARNING:NgdBuild:452 - logical net 'N218' has no driver
WARNING:NgdBuild:452 - logical net 'N219' has no driver
WARNING:NgdBuild:452 - logical net 'N220' has no driver
WARNING:NgdBuild:452 - logical net 'N221' has no driver
WARNING:NgdBuild:452 - logical net 'N222' has no driver
WARNING:NgdBuild:452 - logical net 'N223' has no driver
WARNING:NgdBuild:452 - logical net 'N224' has no driver
WARNING:NgdBuild:452 - logical net 'N225' has no driver
WARNING:NgdBuild:452 - logical net 'N226' has no driver
WARNING:NgdBuild:452 - logical net 'N227' has no driver
WARNING:NgdBuild:452 - logical net 'N228' has no driver
WARNING:NgdBuild:452 - logical net 'N229' has no driver
WARNING:NgdBuild:452 - logical net 'N230' has no driver
WARNING:NgdBuild:452 - logical net 'N231' has no driver
WARNING:NgdBuild:452 - logical net 'N232' has no driver
WARNING:NgdBuild:452 - logical net 'N233' has no driver
WARNING:NgdBuild:452 - logical net 'N234' has no driver
WARNING:NgdBuild:452 - logical net 'N235' has no driver
WARNING:NgdBuild:452 - logical net 'N236' has no driver
WARNING:NgdBuild:452 - logical net 'N237' has no driver
WARNING:NgdBuild:452 - logical net 'N238' has no driver
WARNING:NgdBuild:452 - logical net 'N239' has no driver
WARNING:NgdBuild:452 - logical net 'N240' has no driver
WARNING:NgdBuild:452 - logical net 'N241' has no driver
WARNING:NgdBuild:452 - logical net 'N242' has no driver
WARNING:NgdBuild:452 - logical net 'N243' has no driver
WARNING:NgdBuild:452 - logical net 'N244' has no driver
WARNING:NgdBuild:452 - logical net 'N245' has no driver
WARNING:NgdBuild:452 - logical net 'N246' has no driver
WARNING:NgdBuild:452 - logical net 'N247' has no driver
WARNING:NgdBuild:452 - logical net 'N248' has no driver
WARNING:NgdBuild:452 - logical net 'N249' has no driver
WARNING:NgdBuild:452 - logical net 'N250' has no driver
WARNING:NgdBuild:452 - logical net 'N251' has no driver
WARNING:NgdBuild:452 - logical net 'N252' has no driver
WARNING:NgdBuild:452 - logical net 'N253' has no driver
WARNING:NgdBuild:452 - logical net 'N254' has no driver
WARNING:NgdBuild:452 - logical net 'N255' has no driver
WARNING:NgdBuild:452 - logical net 'N256' has no driver
WARNING:NgdBuild:452 - logical net 'N257' has no driver
WARNING:NgdBuild:452 - logical net 'N258' has no driver
WARNING:NgdBuild:452 - logical net 'N259' has no driver
WARNING:NgdBuild:452 - logical net 'N260' has no driver
WARNING:NgdBuild:452 - logical net 'N261' has no driver
WARNING:NgdBuild:452 - logical net 'N262' has no driver
WARNING:NgdBuild:452 - logical net 'N263' has no driver
WARNING:NgdBuild:452 - logical net 'N264' has no driver
WARNING:NgdBuild:452 - logical net 'N265' has no driver
WARNING:NgdBuild:452 - logical net 'N266' has no driver
WARNING:NgdBuild:452 - logical net 'N267' has no driver
WARNING:NgdBuild:452 - logical net 'N268' has no driver
WARNING:NgdBuild:452 - logical net 'N269' has no driver
WARNING:NgdBuild:452 - logical net 'N270' has no driver
WARNING:NgdBuild:452 - logical net 'N271' has no driver
WARNING:NgdBuild:452 - logical net 'N272' has no driver
WARNING:NgdBuild:452 - logical net 'N273' has no driver
WARNING:NgdBuild:452 - logical net 'N274' has no driver
WARNING:NgdBuild:452 - logical net 'N275' has no driver
WARNING:NgdBuild:452 - logical net 'N276' has no driver
WARNING:NgdBuild:452 - logical net 'N277' has no driver
WARNING:NgdBuild:452 - logical net 'N278' has no driver
WARNING:NgdBuild:452 - logical net 'N279' has no driver
WARNING:NgdBuild:452 - logical net 'N280' has no driver
WARNING:NgdBuild:452 - logical net 'N281' has no driver
WARNING:NgdBuild:452 - logical net 'N282' has no driver
WARNING:NgdBuild:452 - logical net 'N283' has no driver
WARNING:NgdBuild:452 - logical net 'N284' has no driver
WARNING:NgdBuild:452 - logical net 'N285' has no driver
WARNING:NgdBuild:452 - logical net 'N286' has no driver
WARNING:NgdBuild:452 - logical net 'N287' has no driver
WARNING:NgdBuild:452 - logical net 'N288' has no driver
WARNING:NgdBuild:452 - logical net 'N289' has no driver
WARNING:NgdBuild:452 - logical net 'N290' has no driver
WARNING:NgdBuild:452 - logical net 'N291' has no driver
WARNING:NgdBuild:452 - logical net 'N292' has no driver
WARNING:NgdBuild:452 - logical net 'N293' has no driver
WARNING:NgdBuild:452 - logical net 'N294' has no driver
WARNING:NgdBuild:452 - logical net 'N295' has no driver
WARNING:NgdBuild:452 - logical net 'N296' has no driver
WARNING:NgdBuild:452 - logical net 'N297' has no driver
WARNING:NgdBuild:452 - logical net 'N298' has no driver
WARNING:NgdBuild:452 - logical net 'N351' has no driver
WARNING:NgdBuild:452 - logical net 'N352' has no driver
WARNING:NgdBuild:452 - logical net 'N353' has no driver
WARNING:NgdBuild:452 - logical net 'N354' has no driver
WARNING:NgdBuild:452 - logical net 'N355' has no driver
WARNING:NgdBuild:452 - logical net 'N356' has no driver
WARNING:NgdBuild:452 - logical net 'N357' has no driver
WARNING:NgdBuild:452 - logical net 'N358' has no driver
WARNING:NgdBuild:452 - logical net 'N359' has no driver
WARNING:NgdBuild:452 - logical net 'N360' has no driver
WARNING:NgdBuild:483 - Attribute "INIT" on
   "axi_dma_i2s/axi_dma_i2s/GEN_SG_ENGINE.I_SG_ENGINE/I_SG_FETCH_MNGR/I_FTCH_PNT
   R_MNGR/ch2_sg_idle" is on the wrong type of object.  Please see the
   Constraints Guide for more information on this attribute.

Partition Implementation Status
-------------------------------

  No Partitions were found in this design.

-------------------------------

NGDBUILD Design Results Summary:
  Number of errors:     0
  Number of warnings: 188

Writing NGD file "system.ngd" ...
Total REAL time to NGDBUILD completion: 1 min  36 sec
Total CPU time to NGDBUILD completion:  1 min  35 sec

Writing NGDBUILD log file "system.bld"...

NGDBUILD done.



#----------------------------------------------#
# Starting program map
# map -o system_map.ncd -w -pr b -ol high -timing -detail system.ngd system.pcf 
#----------------------------------------------#
Release 14.7 - Map P.20131013 (nt64)
Copyright (c) 1995-2013 Xilinx, Inc.  All rights reserved.
PMSPEC -- Overriding Xilinx file
<C:/Xilinx/14.7/ISE_DS/EDK/data/Xdh_PrimTypeLib.xda> with local file
<C:/Xilinx/14.7/ISE_DS/ISE/data/Xdh_PrimTypeLib.xda>
Using target part "7z020clg484-1".
WARNING:LIT:701 - PAD symbol "processing_system7_0_PS_SRSTB_pin" has an
   undefined IOSTANDARD.
WARNING:LIT:702 - PAD symbol "processing_system7_0_PS_SRSTB_pin" is not
   constrained (LOC) to a specific location.
WARNING:LIT:701 - PAD symbol "processing_system7_0_PS_CLK_pin" has an undefined
   IOSTANDARD.
WARNING:LIT:702 - PAD symbol "processing_system7_0_PS_CLK_pin" is not
   constrained (LOC) to a specific location.
WARNING:LIT:701 - PAD symbol "processing_system7_0_PS_PORB_pin" has an undefined
   IOSTANDARD.
WARNING:LIT:702 - PAD symbol "processing_system7_0_PS_PORB_pin" is not
   constrained (LOC) to a specific location.
Mapping design into LUTs...
Writing file system_map.ngm...
Running directed packing...
Running delay-based LUT packing...
Updating timing models...
INFO:Map:215 - The Interim Design Summary has been generated in the MAP Report
   (.mrp).
Running timing-driven placement...
Total REAL time at the beginning of Placer: 1 mins 50 secs 
Total CPU  time at the beginning of Placer: 1 mins 45 secs 

Phase 1.1  Initial Placement Analysis
Phase 1.1  Initial Placement Analysis (Checksum:14724016) REAL time: 1 mins 59 secs 

Phase 2.7  Design Feasibility Check
Phase 2.7  Design Feasibility Check (Checksum:14724016) REAL time: 2 mins 1 secs 

Phase 3.31  Local Placement Optimization
Phase 3.31  Local Placement Optimization (Checksum:14724016) REAL time: 2 mins 1 secs 

Phase 4.2  Initial Placement for Architecture Specific Features

Phase 4.2  Initial Placement for Architecture Specific Features
(Checksum:3f64cb2) REAL time: 2 mins 21 secs 

Phase 5.30  Global Clock Region Assignment
Phase 5.30  Global Clock Region Assignment (Checksum:3f64cb2) REAL time: 2 mins 21 secs 

Phase 6.3  Local Placement Optimization
Phase 6.3  Local Placement Optimization (Checksum:3f64cb2) REAL time: 2 mins 21 secs 

Phase 7.5  Local Placement Optimization
Phase 7.5  Local Placement Optimization (Checksum:3f64cb2) REAL time: 2 mins 22 secs 

Phase 8.8  Global Placement
............................
...................................................................................................................................
.................................................................................................................................
..........................................................................................................................................
Phase 8.8  Global Placement (Checksum:6a9a0bf) REAL time: 6 mins 

Phase 9.5  Local Placement Optimization
Phase 9.5  Local Placement Optimization (Checksum:6a9a0bf) REAL time: 6 mins 2 secs 

Phase 10.18  Placement Optimization
Phase 10.18  Placement Optimization (Checksum:c713119d) REAL time: 6 mins 42 secs 

Phase 11.5  Local Placement Optimization
Phase 11.5  Local Placement Optimization (Checksum:c713119d) REAL time: 6 mins 43 secs 

Phase 12.34  Placement Validation
Phase 12.34  Placement Validation (Checksum:c713119d) REAL time: 6 mins 43 secs 

Total REAL time to Placer completion: 6 mins 45 secs 
Total CPU  time to Placer completion: 6 mins 34 secs 
Running post-placement packing...
Writing output files...

Design Summary:
Number of errors:      0
Number of warnings:   39
Slice Logic Utilization:
  Number of Slice Registers:                15,383 out of 106,400   14%
    Number used as Flip Flops:              14,227
    Number used as Latches:                    924
    Number used as Latch-thrus:                  0
    Number used as AND/OR logics:              232
  Number of Slice LUTs:                     12,013 out of  53,200   22%
    Number used as logic:                   10,589 out of  53,200   19%
      Number using O6 output only:           7,420
      Number using O5 output only:             170
      Number using O5 and O6:                2,999
      Number used as ROM:                        0
    Number used as Memory:                     832 out of  17,400    4%
      Number used as Dual Port RAM:            116
        Number using O6 output only:            92
        Number using O5 output only:             5
        Number using O5 and O6:                 19
      Number used as Single Port RAM:            0
      Number used as Shift Register:           716
        Number using O6 output only:           710
        Number using O5 output only:             1
        Number using O5 and O6:                  5
    Number used exclusively as route-thrus:    592
      Number with same-slice register load:    376
      Number with same-slice carry load:       213
      Number with other load:                    3

Slice Logic Distribution:
  Number of occupied Slices:                 6,279 out of  13,300   47%
  Number of LUT Flip Flop pairs used:       18,557
    Number with an unused Flip Flop:         4,438 out of  18,557   23%
    Number with an unused LUT:               6,544 out of  18,557   35%
    Number of fully used LUT-FF pairs:       7,575 out of  18,557   40%
    Number of unique control sets:             680
    Number of slice register sites lost
      to control set restrictions:           2,553 out of 106,400    2%

  A LUT Flip Flop pair for this architecture represents one LUT paired with
  one Flip Flop within a slice.  A control set is a unique combination of
  clock, reset, set, and enable signals for a registered element.
  The Slice Logic Distribution report is not meaningful if the design is
  over-mapped for a non-slice resource or if Placement fails.
  OVERMAPPING of BRAM resources should be ignored if the design is
  over-mapped for a non-BRAM resource or if placement fails.

IO Utilization:
  Number of bonded IOBs:                        94 out of     200   47%
    Number of LOCed IOBs:                       94 out of      94  100%
  Number of bonded IOPAD:                      130 out of     130  100%
    IOB Flip Flops:                             24

Specific Feature Utilization:
  Number of RAMB36E1/FIFO36E1s:                  8 out of     140    5%
    Number using RAMB36E1 only:                  8
    Number using FIFO36E1 only:                  0
  Number of RAMB18E1/FIFO18E1s:                  1 out of     280    1%
    Number using RAMB18E1 only:                  1
    Number using FIFO18E1 only:                  0
  Number of BUFG/BUFGCTRLs:                     12 out of      32   37%
    Number used as BUFGs:                       12
    Number used as BUFGCTRLs:                    0
  Number of IDELAYE2/IDELAYE2_FINEDELAYs:        0 out of     200    0%
  Number of ILOGICE2/ILOGICE3/ISERDESE2s:        2 out of     200    1%
    Number used as ILOGICE2s:                    2
  Number used as  ILOGICE3s:                     0
    Number used as ISERDESE2s:                   0
  Number of ODELAYE2/ODELAYE2_FINEDELAYs:        0
  Number of OLOGICE2/OLOGICE3/OSERDESE2s:       74 out of     200   37%
    Number used as OLOGICE2s:                   74
    Number used as OLOGICE3s:                    0
    Number used as OSERDESE2s:                   0
  Number of PHASER_IN/PHASER_IN_PHYs:            0 out of      16    0%
  Number of PHASER_OUT/PHASER_OUT_PHYs:          0 out of      16    0%
  Number of BSCANs:                              0 out of       4    0%
  Number of BUFHCEs:                             0 out of      72    0%
  Number of BUFRs:                               0 out of      16    0%
  Number of CAPTUREs:                            0 out of       1    0%
  Number of DNA_PORTs:                           0 out of       1    0%
  Number of DSP48E1s:                          120 out of     220   54%
  Number of EFUSE_USRs:                          0 out of       1    0%
  Number of FRAME_ECCs:                          0 out of       1    0%
  Number of ICAPs:                               0 out of       2    0%
  Number of IDELAYCTRLs:                         0 out of       4    0%
  Number of IN_FIFOs:                            0 out of      16    0%
  Number of MMCME2_ADVs:                         2 out of       4   50%
  Number of OUT_FIFOs:                           0 out of      16    0%
  Number of PHASER_REFs:                         0 out of       4    0%
  Number of PHY_CONTROLs:                        0 out of       4    0%
  Number of PLLE2_ADVs:                          0 out of       4    0%
  Number of PS7s:                                1 out of       1  100%
  Number of STARTUPs:                            0 out of       1    0%
  Number of XADCs:                               0 out of       1    0%

Average Fanout of Non-Clock Nets:                2.98

Peak Memory Usage:  1300 MB
Total REAL time to MAP completion:  7 mins 4 secs 
Total CPU time to MAP completion:   6 mins 53 secs 

Mapping completed.
See MAP report file "system_map.mrp" for details.



#----------------------------------------------#
# Starting program par
# par -w -ol high system_map.ncd system.ncd system.pcf 
#----------------------------------------------#
Release 14.7 - par P.20131013 (nt64)
Copyright (c) 1995-2013 Xilinx, Inc.  All rights reserved.
PMSPEC -- Overriding Xilinx file <C:/Xilinx/14.7/ISE_DS/EDK/data/parBmgr.acd> with local file
<C:/Xilinx/14.7/ISE_DS/ISE/data/parBmgr.acd>



Constraints file: system.pcf.
Loading device for application Rf_Device from file '7z020.nph' in environment
C:\Xilinx\14.7\ISE_DS\ISE\;C:\Xilinx\14.7\ISE_DS\EDK.
   "system" is an NCD, version 3.2, device xc7z020, package clg484, speed -1

Initializing temperature to 85.000 Celsius. (default - Range: 0.000 to 85.000 Celsius)
Initializing voltage to 0.950 Volts. (default - Range: 0.950 to 1.050 Volts)


Device speed data version:  "PRODUCTION 1.08 2013-10-13".



Device Utilization Summary:

   Number of BUFGs                          12 out of 32     37%
   Number of DSP48E1s                      120 out of 220    54%
   Number of ILOGICE2s                       2 out of 200     1%
   Number of External IOB33s                94 out of 200    47%
      Number of LOCed IOB33s                94 out of 94    100%

   Number of External IOPADs               130 out of 130   100%
      Number of LOCed IOPADs               127 out of 130    97%

   Number of MMCME2_ADVs                     2 out of 4      50%
   Number of OLOGICE2s                      74 out of 200    37%
   Number of PS7s                            1 out of 1     100%
   Number of RAMB18E1s                       1 out of 280     1%
   Number of RAMB36E1s                       8 out of 140     5%
   Number of Slices                       6279 out of 13300  47%
   Number of Slice Registers             15383 out of 106400 13%
      Number used as Flip Flops          14459
      Number used as Latches               924
      Number used as LatchThrus              0

   Number of Slice LUTS                  12013 out of 53200  22%
   Number of Slice LUT-Flip Flop pairs   18117 out of 53200  34%


Overall effort level (-ol):   High 
Router effort level (-rl):    High 

INFO:Timing:3386 - Intersecting Constraints found and resolved.  For more information, see the TSI report.  Please consult the Xilinx
   Command Line Tools User Guide for information on generating a TSI report.
Starting initial Timing Analysis.  REAL time: 57 secs 
Finished initial Timing Analysis.  REAL time: 58 secs 

WARNING:Par:288 - The signal SlideSwitch<5>_IBUF has no load.  PAR will not attempt to route this signal.
WARNING:Par:288 - The signal SlideSwitch<6>_IBUF has no load.  PAR will not attempt to route this signal.
WARNING:Par:288 - The signal SlideSwitch<7>_IBUF has no load.  PAR will not attempt to route this signal.
WARNING:Par:288 - The signal SlideSwitch<0>_IBUF has no load.  PAR will not attempt to route this signal.
WARNING:Par:288 - The signal SlideSwitch<1>_IBUF has no load.  PAR will not attempt to route this signal.
WARNING:Par:288 - The signal SlideSwitch<2>_IBUF has no load.  PAR will not attempt to route this signal.
WARNING:Par:288 - The signal SlideSwitch<3>_IBUF has no load.  PAR will not attempt to route this signal.
WARNING:Par:288 - The signal SlideSwitch<4>_IBUF has no load.  PAR will not attempt to route this signal.
WARNING:Par:288 - The signal
   axi_interconnect_3/axi_interconnect_3/mi_protocol_conv_bank/gen_protocol_slot[0].gen_prot_conv.conv_inst/gen_axi3.axi3_conv_inst/USE_WRIT
   E.write_addr_inst/USE_BURSTS.cmd_queue/inst/fifo_gen_inst/U0/xst_fifo_generator/gconvfifo.rf/grf.rf/gntv_or_sync_fifo.mem/gdm.dm/Mram_RAM
   _RAMD_D1_O has no load.  PAR will not attempt to route this signal.
WARNING:Par:288 - The signal
   axi_interconnect_2/axi_interconnect_2/mi_protocol_conv_bank/gen_protocol_slot[0].gen_prot_conv.conv_inst/gen_axi3.axi3_conv_inst/USE_WRIT
   E.write_addr_inst/USE_BURSTS.cmd_queue/inst/fifo_gen_inst/U0/xst_fifo_generator/gconvfifo.rf/grf.rf/gntv_or_sync_fifo.mem/gdm.dm/Mram_RAM
   _RAMD_D1_O has no load.  PAR will not attempt to route this signal.
WARNING:Par:288 - The signal
   axi_interconnect_3/axi_interconnect_3/mi_protocol_conv_bank/gen_protocol_slot[0].gen_prot_conv.conv_inst/gen_axi3.axi3_conv_inst/USE_WRIT
   E.write_addr_inst/USE_B_CHANNEL.cmd_b_queue/inst/fifo_gen_inst/U0/xst_fifo_generator/gconvfifo.rf/grf.rf/gntv_or_sync_fifo.mem/gdm.dm/Mra
   m_RAM_RAMD_D1_O has no load.  PAR will not attempt to route this signal.
WARNING:Par:288 - The signal
   axi_interconnect_2/axi_interconnect_2/mi_protocol_conv_bank/gen_protocol_slot[0].gen_prot_conv.conv_inst/gen_axi3.axi3_conv_inst/USE_WRIT
   E.write_addr_inst/USE_B_CHANNEL.cmd_b_queue/inst/fifo_gen_inst/U0/xst_fifo_generator/gconvfifo.rf/grf.rf/gntv_or_sync_fifo.mem/gdm.dm/Mra
   m_RAM_RAMD_D1_O has no load.  PAR will not attempt to route this signal.
WARNING:Par:288 - The signal axi_spdif_tx_0/axi_spdif_tx_0/USER_LOGIC_I/Mram_audio_fifo17_RAMD_O has no load.  PAR will not attempt to route
   this signal.
WARNING:Par:288 - The signal axi_spdif_tx_0/axi_spdif_tx_0/USER_LOGIC_I/Mram_audio_fifo18_RAMD_O has no load.  PAR will not attempt to route
   this signal.
WARNING:Par:288 - The signal axi_spdif_tx_0/axi_spdif_tx_0/USER_LOGIC_I/Mram_audio_fifo6_RAMD_O has no load.  PAR will not attempt to route
   this signal.
WARNING:Par:288 - The signal axi_spdif_tx_0/axi_spdif_tx_0/USER_LOGIC_I/Mram_audio_fifo8_RAMD_O has no load.  PAR will not attempt to route
   this signal.
WARNING:Par:288 - The signal axi_spdif_tx_0/axi_spdif_tx_0/USER_LOGIC_I/Mram_audio_fifo5_RAMD_O has no load.  PAR will not attempt to route
   this signal.
WARNING:Par:288 - The signal axi_spdif_tx_0/axi_spdif_tx_0/USER_LOGIC_I/Mram_audio_fifo20_RAMD_O has no load.  PAR will not attempt to route
   this signal.
WARNING:Par:288 - The signal axi_spdif_tx_0/axi_spdif_tx_0/USER_LOGIC_I/Mram_audio_fifo19_RAMD_O has no load.  PAR will not attempt to route
   this signal.
WARNING:Par:288 - The signal axi_spdif_tx_0/axi_spdif_tx_0/USER_LOGIC_I/Mram_audio_fifo7_RAMD_O has no load.  PAR will not attempt to route
   this signal.
WARNING:Par:288 - The signal axi_spdif_tx_0/axi_spdif_tx_0/USER_LOGIC_I/Mram_audio_fifo3_RAMD_O has no load.  PAR will not attempt to route
   this signal.
WARNING:Par:288 - The signal axi_spdif_tx_0/axi_spdif_tx_0/USER_LOGIC_I/Mram_audio_fifo4_RAMD_O has no load.  PAR will not attempt to route
   this signal.
WARNING:Par:288 - The signal axi_spdif_tx_0/axi_spdif_tx_0/USER_LOGIC_I/Mram_audio_fifo15_RAMD_O has no load.  PAR will not attempt to route
   this signal.
WARNING:Par:288 - The signal axi_spdif_tx_0/axi_spdif_tx_0/USER_LOGIC_I/Mram_audio_fifo16_RAMD_O has no load.  PAR will not attempt to route
   this signal.
WARNING:Par:288 - The signal axi_spdif_tx_0/axi_spdif_tx_0/USER_LOGIC_I/Mram_audio_fifo14_RAMD_O has no load.  PAR will not attempt to route
   this signal.
WARNING:Par:288 - The signal axi_spdif_tx_0/axi_spdif_tx_0/USER_LOGIC_I/Mram_audio_fifo11_RAMD_O has no load.  PAR will not attempt to route
   this signal.
WARNING:Par:288 - The signal axi_spdif_tx_0/axi_spdif_tx_0/USER_LOGIC_I/Mram_audio_fifo2_RAMD_O has no load.  PAR will not attempt to route
   this signal.
WARNING:Par:288 - The signal axi_spdif_tx_0/axi_spdif_tx_0/USER_LOGIC_I/Mram_audio_fifo1_RAMD_O has no load.  PAR will not attempt to route
   this signal.
WARNING:Par:288 - The signal axi_spdif_tx_0/axi_spdif_tx_0/USER_LOGIC_I/Mram_audio_fifo12_RAMD_O has no load.  PAR will not attempt to route
   this signal.
WARNING:Par:288 - The signal axi_spdif_tx_0/axi_spdif_tx_0/USER_LOGIC_I/Mram_audio_fifo9_RAMD_O has no load.  PAR will not attempt to route
   this signal.
WARNING:Par:288 - The signal axi_spdif_tx_0/axi_spdif_tx_0/USER_LOGIC_I/Mram_audio_fifo10_RAMD_O has no load.  PAR will not attempt to route
   this signal.
WARNING:Par:288 - The signal
   axi_dma_i2s/axi_dma_i2s/I_PRMRY_DATAMOVER/GEN_S2MM_FULL.I_S2MM_FULL_WRAPPER/GEN_ENABLE_INDET_BTT_SF.I_INDET_BTT/I_XD_FIFO/S6.I_SYNC_FIFOG
   EN_FIFO/V6_S6_AND_LATER.I_SYNC_FIFO_BRAM/U0/xst_fifo_generator/gconvfifo.rf/grf.rf/gntv_or_sync_fifo.mem/gdm.dm/Mram_RAM1_RAMD_D1_O has
   no load.  PAR will not attempt to route this signal.
WARNING:Par:288 - The signal axi_spdif_tx_0/axi_spdif_tx_0/USER_LOGIC_I/Mram_audio_fifo13_RAMD_O has no load.  PAR will not attempt to route
   this signal.
Starting Router


Phase  1  : 101202 unrouted;      REAL time: 1 mins 1 secs 

Phase  2  : 71174 unrouted;      REAL time: 1 mins 5 secs 

Phase  3  : 23101 unrouted;      REAL time: 1 mins 33 secs 

Phase  4  : 23092 unrouted; (Setup:0, Hold:124208, Component Switching Limit:0)     REAL time: 1 mins 43 secs 

Updating file: system.ncd with current fully routed design.

Phase  5  : 0 unrouted; (Setup:0, Hold:105208, Component Switching Limit:0)     REAL time: 2 mins 15 secs 

Phase  6  : 0 unrouted; (Setup:0, Hold:105208, Component Switching Limit:0)     REAL time: 2 mins 15 secs 

Phase  7  : 0 unrouted; (Setup:0, Hold:105208, Component Switching Limit:0)     REAL time: 2 mins 15 secs 

Phase  8  : 0 unrouted; (Setup:0, Hold:105208, Component Switching Limit:0)     REAL time: 2 mins 15 secs 

Phase  9  : 0 unrouted; (Setup:0, Hold:0, Component Switching Limit:0)     REAL time: 2 mins 25 secs 
Total REAL time to Router completion: 2 mins 26 secs 
Total CPU time to Router completion: 2 mins 31 secs 

Partition Implementation Status
-------------------------------

  No Partitions were found in this design.

-------------------------------

Generating "PAR" statistics.

**************************
Generating Clock Report
**************************

+---------------------+--------------+------+------+------------+-------------+
|        Clock Net    |   Resource   |Locked|Fanout|Net Skew(ns)|Max Delay(ns)|
+---------------------+--------------+------+------+------------+-------------+
|processing_system7_0 |              |      |      |            |             |
|          _FCLK_CLK0 |BUFGCTRL_X0Y31| No   | 3876 |  0.449     |  2.068      |
+---------------------+--------------+------+------+------------+-------------+
|    axi_clkgen_0_clk | BUFGCTRL_X0Y1| No   |  359 |  0.269     |  1.902      |
+---------------------+--------------+------+------+------------+-------------+
|superip_0/superip_0/ |              |      |      |            |             |
|USER_LOGIC_I/SIP/fil |              |      |      |            |             |
|ter_Comp/IIR_BP_R/mu |              |      |      |            |             |
|        l_coefs_BUFG |BUFGCTRL_X0Y27| No   |   40 |  0.163     |  1.803      |
+---------------------+--------------+------+------+------------+-------------+
|adau1761_audio_0_clk |              |      |      |            |             |
|               _48_o | BUFGCTRL_X0Y3| No   |   83 |  0.195     |  1.843      |
+---------------------+--------------+------+------+------------+-------------+
|processing_system7_0 |              |      |      |            |             |
|          _FCLK_CLK1 |BUFGCTRL_X0Y29| No   |  622 |  0.342     |  1.980      |
+---------------------+--------------+------+------+------------+-------------+
|superip_0/superip_0/ |              |      |      |            |             |
|USER_LOGIC_I/SIP/fil |              |      |      |            |             |
|ter_Comp/IIR_LP_L/mu |              |      |      |            |             |
|        l_coefs_BUFG | BUFGCTRL_X0Y4| No   |   80 |  0.346     |  1.979      |
+---------------------+--------------+------+------+------------+-------------+
|superip_0/superip_0/ |              |      |      |            |             |
|USER_LOGIC_I/SIP/fil |              |      |      |            |             |
|ter_Comp/IIR_BP_L/mu |              |      |      |            |             |
|        l_coefs_BUFG |BUFGCTRL_X0Y26| No   |   40 |  0.107     |  1.756      |
+---------------------+--------------+------+------+------------+-------------+
|superip_0/superip_0/ |              |      |      |            |             |
|USER_LOGIC_I/SIP/fil |              |      |      |            |             |
|ter_Comp/IIR_HP_R/mu |              |      |      |            |             |
|        l_coefs_BUFG | BUFGCTRL_X0Y2| No   |   40 |  0.194     |  1.981      |
+---------------------+--------------+------+------+------------+-------------+
|superip_0/superip_0/ |              |      |      |            |             |
|USER_LOGIC_I/SIP/fil |              |      |      |            |             |
|ter_Comp/IIR_HP_L/mu |              |      |      |            |             |
|        l_coefs_BUFG | BUFGCTRL_X0Y5| No   |   40 |  0.235     |  1.961      |
+---------------------+--------------+------+------+------------+-------------+
|clock_generator_0_CL |              |      |      |            |             |
|               KOUT0 |BUFGCTRL_X0Y28| No   |    2 |  0.173     |  1.890      |
+---------------------+--------------+------+------+------------+-------------+
|axi_clkgen_0/axi_clk |              |      |      |            |             |
|gen_0/USER_LOGIC_I/i |              |      |      |            |             |
|_clkgen/buf_fb_clk_s |              |      |      |            |             |
|                     | BUFGCTRL_X0Y0| No   |    1 |  0.000     |  1.759      |
+---------------------+--------------+------+------+------------+-------------+
|processing_system7_0 |              |      |      |            |             |
|          _FCLK_CLK2 |BUFGCTRL_X0Y30| No   |    1 |  0.000     |  1.762      |
+---------------------+--------------+------+------+------------+-------------+
|clock_generator_0/cl |              |      |      |            |             |
|ock_generator_0/SIG_ |              |      |      |            |             |
|      MMCM1_CLKFBOUT |         Local|      |    1 |  0.000     |  0.014      |
+---------------------+--------------+------+------+------------+-------------+

* Net Skew is the difference between the minimum and maximum routing
only delays for the net. Note this is different from Clock Skew which
is reported in TRCE timing report. Clock Skew is the difference between
the minimum and maximum path delays which includes logic delays.

* The fanout is the number of component pins not the individual BEL loads,
for example SLICE loads not FF loads.

Timing Score: 0 (Setup: 0, Hold: 0, Component Switching Limit: 0)

Number of Timing Constraints that were not applied: 1

Asterisk (*) preceding a constraint indicates it was not met.
   This may be due to a setup or hold violation.

----------------------------------------------------------------------------------------------------------
  Constraint                                |    Check    | Worst Case |  Best Case | Timing |   Timing   
                                            |             |    Slack   | Achievable | Errors |    Score   
----------------------------------------------------------------------------------------------------------
  TS_clk_fpga_1 = PERIOD TIMEGRP "clk_fpga_ | SETUP       |     0.108ns|     5.891ns|       0|           0
  1" 166.667 MHz HIGH 50%                   | HOLD        |     0.004ns|            |       0|           0
----------------------------------------------------------------------------------------------------------
  TS_clk_fpga_0 = PERIOD TIMEGRP "clk_fpga_ | SETUP       |     0.148ns|     9.852ns|       0|           0
  0" 100 MHz HIGH 50%                       | HOLD        |     0.001ns|            |       0|           0
----------------------------------------------------------------------------------------------------------
  TS_axi_clkgen_0_axi_clkgen_0_USER_LOGIC_I | SETUP       |     0.325ns|     6.409ns|       0|           0
  _i_clkgen_mmcm_clk_s = PERIOD TIMEGRP     | HOLD        |     0.074ns|            |       0|           0
       "axi_clkgen_0_axi_clkgen_0_USER_LOGI |             |            |            |        |            
  C_I_i_clkgen_mmcm_clk_s"         TS_clk_f |             |            |            |        |            
  pga_2 * 0.742424242 HIGH 50%              |             |            |            |        |            
----------------------------------------------------------------------------------------------------------
  TS_clk_fpga_2 = PERIOD TIMEGRP "clk_fpga_ | MINLOWPULSE |     2.200ns|     2.800ns|       0|           0
  2" 200 MHz HIGH 50%                       |             |            |            |        |            
----------------------------------------------------------------------------------------------------------
  TS_clock_generator_0_clock_generator_0_SI | SETUP       |    95.506ns|     2.148ns|       0|           0
  G_MMCM1_CLKOUT0 = PERIOD TIMEGRP          | HOLD        |     0.457ns|            |       0|           0
  "clock_generator_0_clock_generator_0_SIG_ | MINPERIOD   |    95.499ns|     2.155ns|       0|           0
  MMCM1_CLKOUT0" TS_clk_fpga_1         * 0. |             |            |            |        |            
  061440678 HIGH 50%                        |             |            |            |        |            
----------------------------------------------------------------------------------------------------------
  PATH "TS_axi_vdma_0_cdc_tig_v_path" TIG   | SETUP       |         N/A|     7.899ns|     N/A|           0
----------------------------------------------------------------------------------------------------------
  PATH "TS_axi_vdma_0_cdc_from_2_cdc_to_pat | SETUP       |         N/A|     2.231ns|     N/A|           0
  h" TIG                                    |             |            |            |        |            
----------------------------------------------------------------------------------------------------------
  PATH "TS_axi_interconnect_3_reset_resync_ | SETUP       |         N/A|     1.055ns|     N/A|           0
  path" TIG                                 |             |            |            |        |            
----------------------------------------------------------------------------------------------------------
  PATH "TS_axi_interconnect_2_reset_resync_ | SETUP       |         N/A|     1.097ns|     N/A|           0
  path" TIG                                 |             |            |            |        |            
----------------------------------------------------------------------------------------------------------
  PATH "TS_axi_interconnect_1_reset_resync_ | SETUP       |         N/A|     1.118ns|     N/A|           0
  path" TIG                                 |             |            |            |        |            
----------------------------------------------------------------------------------------------------------


Derived Constraint Report
Review Timing Report for more details on the following derived constraints.
To create a Timing Report, run "trce -v 12 -fastpaths -o design_timing_report design.ncd design.pcf"
or "Run Timing Analysis" from Timing Analyzer (timingan).
Derived Constraints for TS_clk_fpga_1
+-------------------------------+-------------+-------------+-------------+-------------+-------------+-------------+-------------+
|                               |   Period    |       Actual Period       |      Timing Errors        |      Paths Analyzed       |
|           Constraint          | Requirement |-------------+-------------|-------------+-------------|-------------+-------------|
|                               |             |   Direct    | Derivative  |   Direct    | Derivative  |   Direct    | Derivative  |
+-------------------------------+-------------+-------------+-------------+-------------+-------------+-------------+-------------+
|TS_clk_fpga_1                  |      6.000ns|      5.891ns|      0.132ns|            0|            0|        40808|            1|
| TS_clock_generator_0_clock_gen|     97.655ns|      2.155ns|          N/A|            0|            0|            1|            0|
| erator_0_SIG_MMCM1_CLKOUT0    |             |             |             |             |             |             |             |
+-------------------------------+-------------+-------------+-------------+-------------+-------------+-------------+-------------+

Derived Constraints for TS_clk_fpga_2
+-------------------------------+-------------+-------------+-------------+-------------+-------------+-------------+-------------+
|                               |   Period    |       Actual Period       |      Timing Errors        |      Paths Analyzed       |
|           Constraint          | Requirement |-------------+-------------|-------------+-------------|-------------+-------------|
|                               |             |   Direct    | Derivative  |   Direct    | Derivative  |   Direct    | Derivative  |
+-------------------------------+-------------+-------------+-------------+-------------+-------------+-------------+-------------+
|TS_clk_fpga_2                  |      5.000ns|      2.800ns|      4.758ns|            0|            0|            0|        43725|
| TS_axi_clkgen_0_axi_clkgen_0_U|      6.735ns|      6.409ns|          N/A|            0|            0|        43725|            0|
| SER_LOGIC_I_i_clkgen_mmcm_clk_|             |             |             |             |             |             |             |
| s                             |             |             |             |             |             |             |             |
+-------------------------------+-------------+-------------+-------------+-------------+-------------+-------------+-------------+

All constraints were met.
INFO:Timing:2761 - N/A entries in the Constraints List may indicate that the 
   constraint is not analyzed due to the following: No paths covered by this 
   constraint; Other constraints intersect with this constraint; or This 
   constraint was disabled by a Path Tracing Control. Please run the Timespec 
   Interaction Report (TSI) via command line (trce tsi) or Timing Analyzer GUI.


Generating Pad Report.

All signals are completely routed.

WARNING:Par:283 - There are 33 loadless signals in this design. This design will cause Bitgen to issue DRC warnings.

Total REAL time to PAR completion: 2 mins 36 secs 
Total CPU time to PAR completion: 2 mins 38 secs 

Peak Memory Usage:  1190 MB

Placer: Placement generated during map.
Routing: Completed - No errors found.
Timing: Completed - No errors found.

Number of error messages: 0
Number of warning messages: 35
Number of info messages: 1

Writing design to file system.ncd



PAR done!



#----------------------------------------------#
# Starting program post_par_trce
# trce -e 3 -xml system.twx system.ncd system.pcf 
#----------------------------------------------#
Release 14.7 - Trace  (nt64)
Copyright (c) 1995-2013 Xilinx, Inc.  All rights reserved.


PMSPEC -- Overriding Xilinx file <C:/Xilinx/14.7/ISE_DS/EDK/zynq/data/zynq.acd>
with local file <C:/Xilinx/14.7/ISE_DS/ISE/zynq/data/zynq.acd>
Loading device for application Rf_Device from file '7z020.nph' in environment
C:\Xilinx\14.7\ISE_DS\ISE\;C:\Xilinx\14.7\ISE_DS\EDK.
   "system" is an NCD, version 3.2, device xc7z020, package clg484, speed -1
INFO:Timing:3386 - Intersecting Constraints found and resolved.  For more
   information, see the TSI report.  Please consult the Xilinx Command Line
   Tools User Guide for information on generating a TSI report.
--------------------------------------------------------------------------------
Release 14.7 Trace  (nt64)
Copyright (c) 1995-2013 Xilinx, Inc.  All rights reserved.

C:\Xilinx\14.7\ISE_DS\ISE\bin\nt64\unwrapped\trce.exe -e 3 -xml system.twx
system.ncd system.pcf


Design file:              system.ncd
Physical constraint file: system.pcf
Device,speed:             xc7z020,-1 (PRODUCTION 1.08 2013-10-13)
Report level:             error report
--------------------------------------------------------------------------------

INFO:Timing:3412 - To improve timing, see the Timing Closure User Guide (UG612).
INFO:Timing:2752 - To get complete path coverage, use the unconstrained paths option. All paths that are not constrained will be reported in
   the unconstrained paths section(s) of the report.
INFO:Timing:3339 - The clock-to-out numbers in this timing report are based on a 50 Ohm transmission line loading model.  For the details of
   this model, and for more information on accounting for different loading conditions, please see the device datasheet.


Timing summary:
---------------

Timing errors: 0  Score: 0 (Setup/Max: 0, Hold: 0)

Constraints cover 1570782 paths, 0 nets, and 70557 connections

Design statistics:
   Minimum period:   9.852ns (Maximum frequency: 101.502MHz)


Analysis completed Tue May 19 16:52:21 2015
--------------------------------------------------------------------------------

Generating Report ...

Number of warnings: 0
Number of info messages: 4
Total time: 1 mins 11 secs 


